elbread.dll ver. 1.0.5.375 Tue Jun 04 12:02:50 2019


-------------------------------------------------------------------------------
Entity                          | Architecture             | Library         
-------------------------------------------------------------------------------
datalogger_ipc_v23              | datalogger_ipc_v23       | datalogger_ipc_v23
control_area_v9                 | control_area_v9          | datalogger_ipc_v23
edge_detector                   | edge_detector            | datalogger_ipc_v23
spi_slave_v4                    | spi_slave_v4             | datalogger_ipc_v23
contador_ascendente_hold_clear  | contador                 | datalogger_ipc_v23
fsm_vin                         | fsm_vin                  | datalogger_ipc_v23
registro_paralelo_hold          | registro                 | datalogger_ipc_v23
fsm_vout                        | fsm_vout                 | datalogger_ipc_v23
fsm_vt                          | fsm_vt                   | datalogger_ipc_v23
fsm_datalogger_ipc_v23          | fsm_datalogger_ipc_v23   | datalogger_ipc_v23
base_de_tiempo                  | base_de_tiempo           | datalogger_ipc_v23
top_spi_v4                      | top_spi_v4               | datalogger_ipc_v23
sumador                         | sumador                  | datalogger_ipc_v23
memoria_fifo                    | memoria_fifo             | datalogger_ipc_v23
control_pico                    | control_pico             | datalogger_ipc_v23
fsm_control_area_v9             | fsm_control_area_v9      | datalogger_ipc_v23
symetric_timebase               | timebase                 | datalogger_ipc_v23
registro_corrimiento_izq        | registro_corrimiento_izq | datalogger_ipc_v23
fsm_spi                         | fsm_spi                  | datalogger_ipc_v23
registro_paralelo_hold_clear    | registro                 | datalogger_ipc_v23
fsm_sumador                     | fsm_sumador              | datalogger_ipc_v23
fsm_muestra                     | fsm_muestra              | datalogger_ipc_v23
fsm_control_pico                | fsm_control_pico         | datalogger_ipc_v23
-------------------------------------------------------------------------------

-----------------------------
Package             | Library
-----------------------------
standard            | std
textio              | std
std_logic_1164      | ieee
numeric_std         | ieee
std_logic_arith     | ieee
math_real           | ieee
std_logic_unsigned  | ieee
-----------------------------
