Info: Starting: Create block symbol file (.bsf)
Info: qsys-generate "C:\Programas FPGA\DATALOGGER_SOC_V1\soc_system\unsaved.qsys" --block-symbol-file --output-directory="C:\Programas FPGA\DATALOGGER_SOC_V1\soc_system\unsaved" --family="Cyclone V" --part=5CSEBA6U23I7
Progress: Loading soc_system/unsaved.qsys
Progress: Reading input file
Progress: Adding clk_0 [clock_source 18.0]
Progress: Parameterizing module clk_0
Progress: Adding hps_0 [altera_hps 18.0]
Progress: Parameterizing module hps_0
Progress: Adding pio_0 [altera_avalon_pio 18.0]
Progress: Parameterizing module pio_0
Progress: Building connections
Progress: Parameterizing connections
Progress: Validating
Progress: Done reading input file
Info: unsaved.hps_0: HPS Main PLL counter settings: n = 0  m = 63
Info: unsaved.hps_0: HPS peripherial PLL counter settings: n = 0  m = 39
Info: unsaved.pio_0: PIO inputs are not hardwired in test bench. Undefined values will be read from PIO inputs during simulation.
Info: qsys-generate succeeded.
Info: Finished: Create block symbol file (.bsf)
Info: 
Info: Starting: Create HDL design files for synthesis
Info: qsys-generate "C:\Programas FPGA\DATALOGGER_SOC_V1\soc_system\unsaved.qsys" --synthesis=VHDL --output-directory="C:\Programas FPGA\DATALOGGER_SOC_V1\soc_system\unsaved\synthesis" --family="Cyclone V" --part=5CSEBA6U23I7
Progress: Loading soc_system/unsaved.qsys
Progress: Reading input file
Progress: Adding clk_0 [clock_source 18.0]
Progress: Parameterizing module clk_0
Progress: Adding hps_0 [altera_hps 18.0]
Progress: Parameterizing module hps_0
Progress: Adding pio_0 [altera_avalon_pio 18.0]
Progress: Parameterizing module pio_0
Progress: Building connections
Progress: Parameterizing connections
Progress: Validating
Progress: Done reading input file
Info: unsaved.hps_0: HPS Main PLL counter settings: n = 0  m = 63
Info: unsaved.hps_0: HPS peripherial PLL counter settings: n = 0  m = 39
Info: unsaved.pio_0: PIO inputs are not hardwired in test bench. Undefined values will be read from PIO inputs during simulation.
Info: unsaved: Generating unsaved "unsaved" for QUARTUS_SYNTH
Info: Interconnect is inserted between master hps_0.h2f_axi_master and slave pio_0.s1 because the master is of type axi and the slave is of type avalon.
Warning: hps_0.f2h_irq0: Cannot connect clock for irq_mapper.sender
Warning: hps_0.f2h_irq0: Cannot connect reset for irq_mapper.sender
Warning: hps_0.f2h_irq1: Cannot connect clock for irq_mapper_001.sender
Warning: hps_0.f2h_irq1: Cannot connect reset for irq_mapper_001.sender
Info: hps_0: "Running  for module: hps_0"
Info: hps_0: HPS Main PLL counter settings: n = 0  m = 63
Info: hps_0: HPS peripherial PLL counter settings: n = 0  m = 39
Info: hps_0: "unsaved" instantiated altera_hps "hps_0"
Info: pio_0: Starting RTL generation for module 'unsaved_pio_0'
Info: pio_0:   Generation command is [exec C:/intelfpga/18.0/quartus/bin64/perl/bin/perl.exe -I C:/intelfpga/18.0/quartus/bin64/perl/lib -I C:/intelfpga/18.0/quartus/sopc_builder/bin/europa -I C:/intelfpga/18.0/quartus/sopc_builder/bin/perl_lib -I C:/intelfpga/18.0/quartus/sopc_builder/bin -I C:/intelfpga/18.0/quartus/../ip/altera/sopc_builder_ip/common -I C:/intelfpga/18.0/quartus/../ip/altera/sopc_builder_ip/altera_avalon_pio -- C:/intelfpga/18.0/quartus/../ip/altera/sopc_builder_ip/altera_avalon_pio/generate_rtl.pl --name=unsaved_pio_0 --dir=C:/Users/Alan/AppData/Local/Temp/alt8713_1494736821854843122.dir/0002_pio_0_gen/ --quartus_dir=C:/intelfpga/18.0/quartus --verilog --config=C:/Users/Alan/AppData/Local/Temp/alt8713_1494736821854843122.dir/0002_pio_0_gen//unsaved_pio_0_component_configuration.pl  --do_build_sim=0  ]
Info: pio_0: Done RTL generation for module 'unsaved_pio_0'
Info: pio_0: "unsaved" instantiated altera_avalon_pio "pio_0"
Info: avalon_st_adapter: Inserting error_adapter: error_adapter_0
Info: mm_interconnect_0: "unsaved" instantiated altera_mm_interconnect "mm_interconnect_0"
Info: irq_mapper: "unsaved" instantiated altera_irq_mapper "irq_mapper"
Info: rst_controller: "unsaved" instantiated altera_reset_controller "rst_controller"
Info: fpga_interfaces: "hps_0" instantiated altera_interface_generator "fpga_interfaces"
Info: hps_io: "hps_0" instantiated altera_hps_io "hps_io"
Info: pio_0_s1_translator: "mm_interconnect_0" instantiated altera_merlin_slave_translator "pio_0_s1_translator"
Info: hps_0_h2f_axi_master_agent: "mm_interconnect_0" instantiated altera_merlin_axi_master_ni "hps_0_h2f_axi_master_agent"
Info: pio_0_s1_agent: "mm_interconnect_0" instantiated altera_merlin_slave_agent "pio_0_s1_agent"
Info: pio_0_s1_agent_rsp_fifo: "mm_interconnect_0" instantiated altera_avalon_sc_fifo "pio_0_s1_agent_rsp_fifo"
Info: router: "mm_interconnect_0" instantiated altera_merlin_router "router"
Info: router_002: "mm_interconnect_0" instantiated altera_merlin_router "router_002"
Info: pio_0_s1_burst_adapter: "mm_interconnect_0" instantiated altera_merlin_burst_adapter "pio_0_s1_burst_adapter"
Info: Reusing file C:/Programas FPGA/DATALOGGER_SOC_V1/soc_system/unsaved/synthesis/submodules/altera_merlin_address_alignment.sv
Info: cmd_demux: "mm_interconnect_0" instantiated altera_merlin_demultiplexer "cmd_demux"
Info: cmd_mux: "mm_interconnect_0" instantiated altera_merlin_multiplexer "cmd_mux"
Info: rsp_demux: "mm_interconnect_0" instantiated altera_merlin_demultiplexer "rsp_demux"
Info: rsp_mux: "mm_interconnect_0" instantiated altera_merlin_multiplexer "rsp_mux"
Info: Reusing file C:/Programas FPGA/DATALOGGER_SOC_V1/soc_system/unsaved/synthesis/submodules/altera_merlin_arbitrator.sv
Info: pio_0_s1_rsp_width_adapter: "mm_interconnect_0" instantiated altera_merlin_width_adapter "pio_0_s1_rsp_width_adapter"
Info: Reusing file C:/Programas FPGA/DATALOGGER_SOC_V1/soc_system/unsaved/synthesis/submodules/altera_merlin_address_alignment.sv
Info: Reusing file C:/Programas FPGA/DATALOGGER_SOC_V1/soc_system/unsaved/synthesis/submodules/altera_merlin_burst_uncompressor.sv
Info: avalon_st_adapter: "mm_interconnect_0" instantiated altera_avalon_st_adapter "avalon_st_adapter"
Info: border: "hps_io" instantiated altera_interface_generator "border"
Info: error_adapter_0: "avalon_st_adapter" instantiated error_adapter "error_adapter_0"
Info: unsaved: Done "unsaved" with 23 modules, 79 files
Info: qsys-generate succeeded.
Info: Finished: Create HDL design files for synthesis
